{"/Users/nathan/Developer/1-current/sys-juanchi/frontend/src/components/CustomCheck/index.tsx": {"path":"/Users/nathan/Developer/1-current/sys-juanchi/frontend/src/components/CustomCheck/index.tsx","statementMap":{"0":{"start":{"line":16,"column":2},"end":{"line":21,"column":4}},"1":{"start":{"line":18,"column":83},"end":{"line":18,"column":98}}},"fnMap":{"0":{"name":"CustomCheck","decl":{"start":{"line":13,"column":9},"end":{"line":13,"column":20}},"loc":{"start":{"line":15,"column":10},"end":{"line":22,"column":1}},"line":15},"1":{"name":"(anonymous_1)","decl":{"start":{"line":18,"column":77},"end":{"line":18,"column":78}},"loc":{"start":{"line":18,"column":83},"end":{"line":18,"column":98}},"line":18}},"branchMap":{},"s":{"0":3,"1":1},"f":{"0":3,"1":1},"b":{},"_coverageSchema":"1a1c01bbd47fc00a2c39e90264f33305004495a9","hash":"97254c82ed4790ead4e991847f950cf2cc52c3bf"}
,"/Users/nathan/Developer/1-current/sys-juanchi/frontend/src/components/LoadingSpinner/index.tsx": {"path":"/Users/nathan/Developer/1-current/sys-juanchi/frontend/src/components/LoadingSpinner/index.tsx","statementMap":{"0":{"start":{"line":4,"column":2},"end":{"line":15,"column":4}}},"fnMap":{"0":{"name":"LoadingSpinner","decl":{"start":{"line":3,"column":9},"end":{"line":3,"column":23}},"loc":{"start":{"line":3,"column":26},"end":{"line":16,"column":1}},"line":3}},"branchMap":{},"s":{"0":1},"f":{"0":1},"b":{},"_coverageSchema":"1a1c01bbd47fc00a2c39e90264f33305004495a9","hash":"d6126b330b48b02844cf31da9f632191ffc09690"}
,"/Users/nathan/Developer/1-current/sys-juanchi/frontend/src/constants/cart.ts": {"path":"/Users/nathan/Developer/1-current/sys-juanchi/frontend/src/constants/cart.ts","statementMap":{"0":{"start":{"line":3,"column":36},"end":{"line":3,"column":62}},"1":{"start":{"line":4,"column":31},"end":{"line":4,"column":57}},"2":{"start":{"line":33,"column":54},"end":{"line":36,"column":1}}},"fnMap":{},"branchMap":{},"s":{"0":2,"1":2,"2":2},"f":{},"b":{},"_coverageSchema":"1a1c01bbd47fc00a2c39e90264f33305004495a9","hash":"82abb0af93d8bc2af0b20061c746f661b06bd4e9"}
,"/Users/nathan/Developer/1-current/sys-juanchi/frontend/src/screens/Checkout/constants.ts": {"path":"/Users/nathan/Developer/1-current/sys-juanchi/frontend/src/screens/Checkout/constants.ts","statementMap":{"0":{"start":{"line":12,"column":22},"end":{"line":19,"column":1}},"1":{"start":{"line":21,"column":29},"end":{"line":52,"column":1}},"2":{"start":{"line":54,"column":45},"end":{"line":65,"column":1}}},"fnMap":{},"branchMap":{},"s":{"0":2,"1":2,"2":2},"f":{},"b":{},"_coverageSchema":"1a1c01bbd47fc00a2c39e90264f33305004495a9","hash":"077b94cf1cd8e125c7c76d303623e64393656b5e"}
,"/Users/nathan/Developer/1-current/sys-juanchi/frontend/src/screens/Checkout/components/ClientInfo/index.tsx": {"path":"/Users/nathan/Developer/1-current/sys-juanchi/frontend/src/screens/Checkout/components/ClientInfo/index.tsx","statementMap":{"0":{"start":{"line":9,"column":2},"end":{"line":35,"column":4}}},"fnMap":{"0":{"name":"ClientInfo","decl":{"start":{"line":8,"column":9},"end":{"line":8,"column":19}},"loc":{"start":{"line":8,"column":39},"end":{"line":36,"column":1}},"line":8}},"branchMap":{},"s":{"0":3},"f":{"0":3},"b":{},"_coverageSchema":"1a1c01bbd47fc00a2c39e90264f33305004495a9","hash":"e92a4c63ac0a121883b6cdc25f41f0b658cdf81c"}
,"/Users/nathan/Developer/1-current/sys-juanchi/frontend/src/screens/Checkout/components/Footer/index.tsx": {"path":"/Users/nathan/Developer/1-current/sys-juanchi/frontend/src/screens/Checkout/components/Footer/index.tsx","statementMap":{"0":{"start":{"line":15,"column":2},"end":{"line":39,"column":4}}},"fnMap":{"0":{"name":"Footer","decl":{"start":{"line":12,"column":9},"end":{"line":12,"column":15}},"loc":{"start":{"line":14,"column":10},"end":{"line":40,"column":1}},"line":14}},"branchMap":{"0":{"loc":{"start":{"line":30,"column":22},"end":{"line":30,"column":44}},"type":"binary-expr","locations":[{"start":{"line":30,"column":22},"end":{"line":30,"column":31}},{"start":{"line":30,"column":35},"end":{"line":30,"column":44}}],"line":30}},"s":{"0":3},"f":{"0":3},"b":{"0":[3,2]},"_coverageSchema":"1a1c01bbd47fc00a2c39e90264f33305004495a9","hash":"f9111bf69846719d342ce0c02b2cba0cc4e607f6"}
,"/Users/nathan/Developer/1-current/sys-juanchi/frontend/src/screens/Checkout/components/PaymentBlock/index.tsx": {"path":"/Users/nathan/Developer/1-current/sys-juanchi/frontend/src/screens/Checkout/components/PaymentBlock/index.tsx","statementMap":{"0":{"start":{"line":6,"column":2},"end":{"line":25,"column":4}},"1":{"start":{"line":12,"column":12},"end":{"line":20,"column":14}}},"fnMap":{"0":{"name":"PaymentBlock","decl":{"start":{"line":5,"column":9},"end":{"line":5,"column":21}},"loc":{"start":{"line":5,"column":24},"end":{"line":26,"column":1}},"line":5},"1":{"name":"(anonymous_1)","decl":{"start":{"line":11,"column":29},"end":{"line":11,"column":30}},"loc":{"start":{"line":12,"column":12},"end":{"line":20,"column":14}},"line":12}},"branchMap":{},"s":{"0":1,"1":6},"f":{"0":1,"1":6},"b":{},"_coverageSchema":"1a1c01bbd47fc00a2c39e90264f33305004495a9","hash":"90bfd5fbcaf237376b973d37ce596412a7fdb776"}
,"/Users/nathan/Developer/1-current/sys-juanchi/frontend/src/screens/Checkout/components/PriceBreakdown/index.tsx": {"path":"/Users/nathan/Developer/1-current/sys-juanchi/frontend/src/screens/Checkout/components/PriceBreakdown/index.tsx","statementMap":{"0":{"start":{"line":22,"column":34},"end":{"line":22,"column":45}},"1":{"start":{"line":23,"column":34},"end":{"line":23,"column":45}},"2":{"start":{"line":25,"column":22},"end":{"line":31,"column":3}},"3":{"start":{"line":33,"column":2},"end":{"line":67,"column":4}},"4":{"start":{"line":53,"column":25},"end":{"line":53,"column":60}},"5":{"start":{"line":58,"column":25},"end":{"line":58,"column":60}}},"fnMap":{"0":{"name":"PriceBreakdown","decl":{"start":{"line":16,"column":9},"end":{"line":16,"column":23}},"loc":{"start":{"line":21,"column":10},"end":{"line":68,"column":1}},"line":21},"1":{"name":"(anonymous_1)","decl":{"start":{"line":53,"column":18},"end":{"line":53,"column":19}},"loc":{"start":{"line":53,"column":25},"end":{"line":53,"column":60}},"line":53},"2":{"name":"(anonymous_2)","decl":{"start":{"line":58,"column":18},"end":{"line":58,"column":19}},"loc":{"start":{"line":58,"column":25},"end":{"line":58,"column":60}},"line":58}},"branchMap":{"0":{"loc":{"start":{"line":17,"column":2},"end":{"line":17,"column":32}},"type":"default-arg","locations":[{"start":{"line":17,"column":16},"end":{"line":17,"column":32}}],"line":17},"1":{"loc":{"start":{"line":18,"column":2},"end":{"line":18,"column":14}},"type":"default-arg","locations":[{"start":{"line":18,"column":13},"end":{"line":18,"column":14}}],"line":18},"2":{"loc":{"start":{"line":19,"column":2},"end":{"line":19,"column":21}},"type":"default-arg","locations":[{"start":{"line":19,"column":20},"end":{"line":19,"column":21}}],"line":19},"3":{"loc":{"start":{"line":20,"column":2},"end":{"line":20,"column":21}},"type":"default-arg","locations":[{"start":{"line":20,"column":20},"end":{"line":20,"column":21}}],"line":20}},"s":{"0":8,"1":8,"2":8,"3":8,"4":2,"5":2},"f":{"0":8,"1":2,"2":2},"b":{"0":[1],"1":[1],"2":[1],"3":[1]},"_coverageSchema":"1a1c01bbd47fc00a2c39e90264f33305004495a9","hash":"536cce10f508124fb16663c89ce39903ba933308"}
,"/Users/nathan/Developer/1-current/sys-juanchi/frontend/src/screens/Checkout/components/PriceBreakdown/utils.ts": {"path":"/Users/nathan/Developer/1-current/sys-juanchi/frontend/src/screens/Checkout/components/PriceBreakdown/utils.ts","statementMap":{"0":{"start":{"line":1,"column":36},"end":{"line":12,"column":1}},"1":{"start":{"line":8,"column":25},"end":{"line":8,"column":51}},"2":{"start":{"line":9,"column":22},"end":{"line":9,"column":59}},"3":{"start":{"line":11,"column":2},"end":{"line":11,"column":38}}},"fnMap":{"0":{"name":"(anonymous_0)","decl":{"start":{"line":1,"column":36},"end":{"line":1,"column":37}},"loc":{"start":{"line":7,"column":5},"end":{"line":12,"column":1}},"line":7}},"branchMap":{"0":{"loc":{"start":{"line":2,"column":2},"end":{"line":2,"column":21}},"type":"default-arg","locations":[{"start":{"line":2,"column":20},"end":{"line":2,"column":21}}],"line":2},"1":{"loc":{"start":{"line":3,"column":2},"end":{"line":3,"column":14}},"type":"default-arg","locations":[{"start":{"line":3,"column":13},"end":{"line":3,"column":14}}],"line":3},"2":{"loc":{"start":{"line":4,"column":2},"end":{"line":4,"column":14}},"type":"default-arg","locations":[{"start":{"line":4,"column":13},"end":{"line":4,"column":14}}],"line":4},"3":{"loc":{"start":{"line":5,"column":2},"end":{"line":5,"column":21}},"type":"default-arg","locations":[{"start":{"line":5,"column":20},"end":{"line":5,"column":21}}],"line":5},"4":{"loc":{"start":{"line":6,"column":2},"end":{"line":6,"column":14}},"type":"default-arg","locations":[{"start":{"line":6,"column":13},"end":{"line":6,"column":14}}],"line":6}},"s":{"0":2,"1":12,"2":12,"3":12},"f":{"0":12},"b":{"0":[1],"1":[1],"2":[1],"3":[1],"4":[1]},"_coverageSchema":"1a1c01bbd47fc00a2c39e90264f33305004495a9","hash":"bcd81b2de0068c1953eff8ea7396a4badc78af9b"}
,"/Users/nathan/Developer/1-current/sys-juanchi/frontend/src/screens/Checkout/components/PriceBreakdown/components/InfoInput/index.tsx": {"path":"/Users/nathan/Developer/1-current/sys-juanchi/frontend/src/screens/Checkout/components/PriceBreakdown/components/InfoInput/index.tsx","statementMap":{"0":{"start":{"line":16,"column":2},"end":{"line":35,"column":4}}},"fnMap":{"0":{"name":"InfoInput","decl":{"start":{"line":13,"column":9},"end":{"line":13,"column":18}},"loc":{"start":{"line":15,"column":10},"end":{"line":36,"column":1}},"line":15}},"branchMap":{},"s":{"0":52},"f":{"0":52},"b":{},"_coverageSchema":"1a1c01bbd47fc00a2c39e90264f33305004495a9","hash":"d8294e0e1ed725f0159b78483f2f22358ce5ad8d"}
,"/Users/nathan/Developer/1-current/sys-juanchi/frontend/src/screens/ErrorMessage/index.tsx": {"path":"/Users/nathan/Developer/1-current/sys-juanchi/frontend/src/screens/ErrorMessage/index.tsx","statementMap":{"0":{"start":{"line":4,"column":2},"end":{"line":9,"column":4}}},"fnMap":{"0":{"name":"ErrorMessage","decl":{"start":{"line":3,"column":9},"end":{"line":3,"column":21}},"loc":{"start":{"line":3,"column":24},"end":{"line":10,"column":1}},"line":3}},"branchMap":{},"s":{"0":1},"f":{"0":1},"b":{},"_coverageSchema":"1a1c01bbd47fc00a2c39e90264f33305004495a9","hash":"df2a90857911525c20b1578501e799c33b1a0fed"}
}
