{"/Users/nathan/Developer/1-current/sys-juanchi/frontend/src/components/FormInput.tsx": {"path":"/Users/nathan/Developer/1-current/sys-juanchi/frontend/src/components/FormInput.tsx","statementMap":{"0":{"start":{"line":22,"column":18},"end":{"line":61,"column":1}},"1":{"start":{"line":38,"column":4},"end":{"line":59,"column":17}}},"fnMap":{"0":{"name":"(anonymous_0)","decl":{"start":{"line":23,"column":2},"end":{"line":23,"column":3}},"loc":{"start":{"line":38,"column":4},"end":{"line":59,"column":17}},"line":38}},"branchMap":{"0":{"loc":{"start":{"line":45,"column":14},"end":{"line":45,"column":38}},"type":"cond-expr","locations":[{"start":{"line":45,"column":22},"end":{"line":45,"column":26}},{"start":{"line":45,"column":29},"end":{"line":45,"column":38}}],"line":45},"1":{"loc":{"start":{"line":56,"column":9},"end":{"line":56,"column":63}},"type":"binary-expr","locations":[{"start":{"line":56,"column":9},"end":{"line":56,"column":20}},{"start":{"line":56,"column":24},"end":{"line":56,"column":63}}],"line":56},"2":{"loc":{"start":{"line":58,"column":7},"end":{"line":58,"column":73}},"type":"binary-expr","locations":[{"start":{"line":58,"column":7},"end":{"line":58,"column":14}},{"start":{"line":58,"column":18},"end":{"line":58,"column":73}}],"line":58}},"s":{"0":1,"1":0},"f":{"0":0},"b":{"0":[0,0],"1":[0,0],"2":[0,0]},"_coverageSchema":"1a1c01bbd47fc00a2c39e90264f33305004495a9","hash":"79c1d051e8e48950052ac31b36256bd75287feb6"}
,"/Users/nathan/Developer/1-current/sys-juanchi/frontend/src/constants/products.ts": {"path":"/Users/nathan/Developer/1-current/sys-juanchi/frontend/src/constants/products.ts","statementMap":{"0":{"start":{"line":13,"column":60},"end":{"line":20,"column":1}},"1":{"start":{"line":22,"column":37},"end":{"line":58,"column":1}}},"fnMap":{},"branchMap":{},"s":{"0":1,"1":1},"f":{},"b":{},"_coverageSchema":"1a1c01bbd47fc00a2c39e90264f33305004495a9","hash":"6456ce2d0175722b8d7985331c9c42603337698b"}
,"/Users/nathan/Developer/1-current/sys-juanchi/frontend/src/interfaces/product.ts": {"path":"/Users/nathan/Developer/1-current/sys-juanchi/frontend/src/interfaces/product.ts","statementMap":{},"fnMap":{},"branchMap":{},"s":{},"f":{},"b":{}}
,"/Users/nathan/Developer/1-current/sys-juanchi/frontend/src/screens/ProductList/components/AddEditProduct.tsx": {"path":"/Users/nathan/Developer/1-current/sys-juanchi/frontend/src/screens/ProductList/components/AddEditProduct.tsx","statementMap":{"0":{"start":{"line":45,"column":6},"end":{"line":45,"column":32}},"1":{"start":{"line":49,"column":6},"end":{"line":49,"column":24}},"2":{"start":{"line":54,"column":6},"end":{"line":54,"column":56}},"3":{"start":{"line":59,"column":6},"end":{"line":59,"column":50}},"4":{"start":{"line":61,"column":24},"end":{"line":69,"column":3}},"5":{"start":{"line":62,"column":27},"end":{"line":64,"column":40}},"6":{"start":{"line":65,"column":25},"end":{"line":65,"column":74}},"7":{"start":{"line":66,"column":24},"end":{"line":68,"column":41}},"8":{"start":{"line":71,"column":2},"end":{"line":100,"column":26}},"9":{"start":{"line":72,"column":4},"end":{"line":75,"column":7}},"10":{"start":{"line":72,"column":32},"end":{"line":75,"column":5}},"11":{"start":{"line":77,"column":4},"end":{"line":80,"column":7}},"12":{"start":{"line":77,"column":30},"end":{"line":80,"column":5}},"13":{"start":{"line":82,"column":4},"end":{"line":87,"column":7}},"14":{"start":{"line":82,"column":35},"end":{"line":87,"column":5}},"15":{"start":{"line":89,"column":4},"end":{"line":94,"column":7}},"16":{"start":{"line":89,"column":35},"end":{"line":94,"column":5}},"17":{"start":{"line":96,"column":4},"end":{"line":96,"column":95}},"18":{"start":{"line":97,"column":4},"end":{"line":97,"column":77}},"19":{"start":{"line":98,"column":4},"end":{"line":98,"column":77}},"20":{"start":{"line":99,"column":4},"end":{"line":99,"column":86}},"21":{"start":{"line":102,"column":27},"end":{"line":108,"column":3}},"22":{"start":{"line":103,"column":4},"end":{"line":103,"column":24}},"23":{"start":{"line":104,"column":4},"end":{"line":106,"column":7}},"24":{"start":{"line":107,"column":4},"end":{"line":107,"column":17}},"25":{"start":{"line":110,"column":43},"end":{"line":148,"column":3}},"26":{"start":{"line":111,"column":4},"end":{"line":111,"column":23}},"27":{"start":{"line":112,"column":4},"end":{"line":112,"column":51}},"28":{"start":{"line":114,"column":4},"end":{"line":147,"column":5}},"29":{"start":{"line":115,"column":6},"end":{"line":128,"column":7}},"30":{"start":{"line":116,"column":8},"end":{"line":125,"column":11}},"31":{"start":{"line":127,"column":8},"end":{"line":127,"column":34}},"32":{"start":{"line":130,"column":6},"end":{"line":130,"column":38}},"33":{"start":{"line":132,"column":6},"end":{"line":143,"column":11}},"34":{"start":{"line":134,"column":10},"end":{"line":134,"column":59}},"35":{"start":{"line":135,"column":10},"end":{"line":138,"column":13}},"36":{"start":{"line":141,"column":10},"end":{"line":141,"column":40}},"37":{"start":{"line":142,"column":10},"end":{"line":142,"column":59}},"38":{"start":{"line":145,"column":6},"end":{"line":145,"column":35}},"39":{"start":{"line":146,"column":6},"end":{"line":146,"column":55}},"40":{"start":{"line":150,"column":2},"end":{"line":349,"column":4}},"41":{"start":{"line":169,"column":16},"end":{"line":177,"column":18}},"42":{"start":{"line":175,"column":20},"end":{"line":175,"column":86}},"43":{"start":{"line":184,"column":18},"end":{"line":196,"column":31}},"44":{"start":{"line":204,"column":16},"end":{"line":212,"column":18}},"45":{"start":{"line":210,"column":20},"end":{"line":210,"column":86}},"46":{"start":{"line":221,"column":16},"end":{"line":229,"column":18}},"47":{"start":{"line":227,"column":20},"end":{"line":227,"column":86}},"48":{"start":{"line":235,"column":16},"end":{"line":243,"column":18}},"49":{"start":{"line":241,"column":20},"end":{"line":241,"column":86}},"50":{"start":{"line":255,"column":18},"end":{"line":255,"column":90}},"51":{"start":{"line":262,"column":16},"end":{"line":285,"column":22}},"52":{"start":{"line":269,"column":24},"end":{"line":269,"column":91}},"53":{"start":{"line":280,"column":24},"end":{"line":280,"column":96}},"54":{"start":{"line":287,"column":102},"end":{"line":287,"column":148}},"55":{"start":{"line":292,"column":16},"end":{"line":326,"column":22}},"56":{"start":{"line":299,"column":24},"end":{"line":299,"column":95}},"57":{"start":{"line":310,"column":24},"end":{"line":310,"column":90}},"58":{"start":{"line":321,"column":24},"end":{"line":321,"column":92}},"59":{"start":{"line":328,"column":75},"end":{"line":328,"column":110}}},"fnMap":{"0":{"name":"AddEditProduct","decl":{"start":{"line":41,"column":9},"end":{"line":41,"column":23}},"loc":{"start":{"line":41,"column":67},"end":{"line":350,"column":1}},"line":41},"1":{"name":"(anonymous_1)","decl":{"start":{"line":62,"column":21},"end":{"line":62,"column":22}},"loc":{"start":{"line":62,"column":27},"end":{"line":64,"column":40}},"line":62},"2":{"name":"(anonymous_2)","decl":{"start":{"line":65,"column":19},"end":{"line":65,"column":20}},"loc":{"start":{"line":65,"column":25},"end":{"line":65,"column":74}},"line":65},"3":{"name":"(anonymous_3)","decl":{"start":{"line":66,"column":18},"end":{"line":66,"column":19}},"loc":{"start":{"line":66,"column":24},"end":{"line":68,"column":41}},"line":66},"4":{"name":"(anonymous_4)","decl":{"start":{"line":71,"column":12},"end":{"line":71,"column":13}},"loc":{"start":{"line":71,"column":18},"end":{"line":100,"column":3}},"line":71},"5":{"name":"(anonymous_5)","decl":{"start":{"line":72,"column":21},"end":{"line":72,"column":22}},"loc":{"start":{"line":72,"column":32},"end":{"line":75,"column":5}},"line":72},"6":{"name":"(anonymous_6)","decl":{"start":{"line":77,"column":19},"end":{"line":77,"column":20}},"loc":{"start":{"line":77,"column":30},"end":{"line":80,"column":5}},"line":77},"7":{"name":"(anonymous_7)","decl":{"start":{"line":82,"column":24},"end":{"line":82,"column":25}},"loc":{"start":{"line":82,"column":35},"end":{"line":87,"column":5}},"line":82},"8":{"name":"(anonymous_8)","decl":{"start":{"line":89,"column":24},"end":{"line":89,"column":25}},"loc":{"start":{"line":89,"column":35},"end":{"line":94,"column":5}},"line":89},"9":{"name":"(anonymous_9)","decl":{"start":{"line":102,"column":27},"end":{"line":102,"column":28}},"loc":{"start":{"line":102,"column":33},"end":{"line":108,"column":3}},"line":102},"10":{"name":"(anonymous_10)","decl":{"start":{"line":110,"column":43},"end":{"line":110,"column":44}},"loc":{"start":{"line":110,"column":59},"end":{"line":148,"column":3}},"line":110},"11":{"name":"(anonymous_11)","decl":{"start":{"line":133,"column":14},"end":{"line":133,"column":15}},"loc":{"start":{"line":133,"column":55},"end":{"line":139,"column":9}},"line":133},"12":{"name":"(anonymous_12)","decl":{"start":{"line":140,"column":15},"end":{"line":140,"column":16}},"loc":{"start":{"line":140,"column":21},"end":{"line":143,"column":9}},"line":140},"13":{"name":"(anonymous_13)","decl":{"start":{"line":168,"column":32},"end":{"line":168,"column":33}},"loc":{"start":{"line":169,"column":16},"end":{"line":177,"column":18}},"line":169},"14":{"name":"(anonymous_14)","decl":{"start":{"line":174,"column":26},"end":{"line":174,"column":27}},"loc":{"start":{"line":175,"column":20},"end":{"line":175,"column":86}},"line":175},"15":{"name":"(anonymous_15)","decl":{"start":{"line":183,"column":24},"end":{"line":183,"column":25}},"loc":{"start":{"line":184,"column":18},"end":{"line":196,"column":31}},"line":184},"16":{"name":"(anonymous_16)","decl":{"start":{"line":203,"column":30},"end":{"line":203,"column":31}},"loc":{"start":{"line":204,"column":16},"end":{"line":212,"column":18}},"line":204},"17":{"name":"(anonymous_17)","decl":{"start":{"line":209,"column":26},"end":{"line":209,"column":27}},"loc":{"start":{"line":210,"column":20},"end":{"line":210,"column":86}},"line":210},"18":{"name":"(anonymous_18)","decl":{"start":{"line":220,"column":35},"end":{"line":220,"column":36}},"loc":{"start":{"line":221,"column":16},"end":{"line":229,"column":18}},"line":221},"19":{"name":"(anonymous_19)","decl":{"start":{"line":226,"column":26},"end":{"line":226,"column":27}},"loc":{"start":{"line":227,"column":20},"end":{"line":227,"column":86}},"line":227},"20":{"name":"(anonymous_20)","decl":{"start":{"line":234,"column":35},"end":{"line":234,"column":36}},"loc":{"start":{"line":235,"column":16},"end":{"line":243,"column":18}},"line":235},"21":{"name":"(anonymous_21)","decl":{"start":{"line":240,"column":26},"end":{"line":240,"column":27}},"loc":{"start":{"line":241,"column":20},"end":{"line":241,"column":86}},"line":241},"22":{"name":"(anonymous_22)","decl":{"start":{"line":254,"column":24},"end":{"line":254,"column":25}},"loc":{"start":{"line":255,"column":18},"end":{"line":255,"column":90}},"line":255},"23":{"name":"(anonymous_23)","decl":{"start":{"line":261,"column":39},"end":{"line":261,"column":40}},"loc":{"start":{"line":262,"column":16},"end":{"line":285,"column":22}},"line":262},"24":{"name":"(anonymous_24)","decl":{"start":{"line":268,"column":30},"end":{"line":268,"column":31}},"loc":{"start":{"line":269,"column":24},"end":{"line":269,"column":91}},"line":269},"25":{"name":"(anonymous_25)","decl":{"start":{"line":279,"column":30},"end":{"line":279,"column":31}},"loc":{"start":{"line":280,"column":24},"end":{"line":280,"column":96}},"line":280},"26":{"name":"(anonymous_26)","decl":{"start":{"line":287,"column":96},"end":{"line":287,"column":97}},"loc":{"start":{"line":287,"column":102},"end":{"line":287,"column":148}},"line":287},"27":{"name":"(anonymous_27)","decl":{"start":{"line":291,"column":34},"end":{"line":291,"column":35}},"loc":{"start":{"line":292,"column":16},"end":{"line":326,"column":22}},"line":292},"28":{"name":"(anonymous_28)","decl":{"start":{"line":298,"column":30},"end":{"line":298,"column":31}},"loc":{"start":{"line":299,"column":24},"end":{"line":299,"column":95}},"line":299},"29":{"name":"(anonymous_29)","decl":{"start":{"line":309,"column":30},"end":{"line":309,"column":31}},"loc":{"start":{"line":310,"column":24},"end":{"line":310,"column":90}},"line":310},"30":{"name":"(anonymous_30)","decl":{"start":{"line":320,"column":30},"end":{"line":320,"column":31}},"loc":{"start":{"line":321,"column":24},"end":{"line":321,"column":92}},"line":321},"31":{"name":"(anonymous_31)","decl":{"start":{"line":328,"column":69},"end":{"line":328,"column":70}},"loc":{"start":{"line":328,"column":75},"end":{"line":328,"column":110}},"line":328}},"branchMap":{"0":{"loc":{"start":{"line":62,"column":41},"end":{"line":64,"column":39}},"type":"cond-expr","locations":[{"start":{"line":63,"column":8},"end":{"line":63,"column":40}},{"start":{"line":64,"column":8},"end":{"line":64,"column":39}}],"line":62},"1":{"loc":{"start":{"line":66,"column":36},"end":{"line":68,"column":40}},"type":"cond-expr","locations":[{"start":{"line":67,"column":8},"end":{"line":67,"column":41}},{"start":{"line":68,"column":8},"end":{"line":68,"column":40}}],"line":66},"2":{"loc":{"start":{"line":74,"column":6},"end":{"line":74,"column":62}},"type":"cond-expr","locations":[{"start":{"line":74,"column":16},"end":{"line":74,"column":35}},{"start":{"line":74,"column":38},"end":{"line":74,"column":62}}],"line":74},"3":{"loc":{"start":{"line":79,"column":6},"end":{"line":79,"column":74}},"type":"cond-expr","locations":[{"start":{"line":79,"column":16},"end":{"line":79,"column":41}},{"start":{"line":79,"column":44},"end":{"line":79,"column":74}}],"line":79},"4":{"loc":{"start":{"line":84,"column":6},"end":{"line":86,"column":34}},"type":"cond-expr","locations":[{"start":{"line":85,"column":10},"end":{"line":85,"column":29}},{"start":{"line":86,"column":10},"end":{"line":86,"column":34}}],"line":84},"5":{"loc":{"start":{"line":91,"column":6},"end":{"line":93,"column":45}},"type":"cond-expr","locations":[{"start":{"line":92,"column":10},"end":{"line":92,"column":40}},{"start":{"line":93,"column":10},"end":{"line":93,"column":45}}],"line":91},"6":{"loc":{"start":{"line":96,"column":31},"end":{"line":96,"column":93}},"type":"cond-expr","locations":[{"start":{"line":96,"column":41},"end":{"line":96,"column":63}},{"start":{"line":96,"column":66},"end":{"line":96,"column":93}}],"line":96},"7":{"loc":{"start":{"line":97,"column":25},"end":{"line":97,"column":75}},"type":"cond-expr","locations":[{"start":{"line":97,"column":35},"end":{"line":97,"column":51}},{"start":{"line":97,"column":54},"end":{"line":97,"column":75}}],"line":97},"8":{"loc":{"start":{"line":98,"column":25},"end":{"line":98,"column":75}},"type":"cond-expr","locations":[{"start":{"line":98,"column":35},"end":{"line":98,"column":51}},{"start":{"line":98,"column":54},"end":{"line":98,"column":75}}],"line":98},"9":{"loc":{"start":{"line":99,"column":28},"end":{"line":99,"column":84}},"type":"cond-expr","locations":[{"start":{"line":99,"column":38},"end":{"line":99,"column":57}},{"start":{"line":99,"column":60},"end":{"line":99,"column":84}}],"line":99},"10":{"loc":{"start":{"line":115,"column":6},"end":{"line":128,"column":7}},"type":"if","locations":[{"start":{"line":115,"column":6},"end":{"line":128,"column":7}},{"start":{"line":126,"column":13},"end":{"line":128,"column":7}}],"line":115},"11":{"loc":{"start":{"line":121,"column":26},"end":{"line":123,"column":42}},"type":"cond-expr","locations":[{"start":{"line":122,"column":16},"end":{"line":122,"column":26}},{"start":{"line":123,"column":16},"end":{"line":123,"column":42}}],"line":121},"12":{"loc":{"start":{"line":155,"column":18},"end":{"line":155,"column":64}},"type":"cond-expr","locations":[{"start":{"line":155,"column":28},"end":{"line":155,"column":45}},{"start":{"line":155,"column":48},"end":{"line":155,"column":64}}],"line":155},"13":{"loc":{"start":{"line":156,"column":13},"end":{"line":160,"column":13}},"type":"binary-expr","locations":[{"start":{"line":156,"column":13},"end":{"line":156,"column":40}},{"start":{"line":157,"column":12},"end":{"line":159,"column":18}}],"line":156}},"s":{"0":0,"1":0,"2":0,"3":0,"4":0,"5":0,"6":0,"7":0,"8":0,"9":0,"10":0,"11":0,"12":0,"13":0,"14":0,"15":0,"16":0,"17":0,"18":0,"19":0,"20":0,"21":0,"22":0,"23":0,"24":0,"25":0,"26":0,"27":0,"28":0,"29":0,"30":0,"31":0,"32":0,"33":0,"34":0,"35":0,"36":0,"37":0,"38":0,"39":0,"40":0,"41":0,"42":0,"43":0,"44":0,"45":0,"46":0,"47":0,"48":0,"49":0,"50":0,"51":0,"52":0,"53":0,"54":0,"55":0,"56":0,"57":0,"58":0,"59":0},"f":{"0":0,"1":0,"2":0,"3":0,"4":0,"5":0,"6":0,"7":0,"8":0,"9":0,"10":0,"11":0,"12":0,"13":0,"14":0,"15":0,"16":0,"17":0,"18":0,"19":0,"20":0,"21":0,"22":0,"23":0,"24":0,"25":0,"26":0,"27":0,"28":0,"29":0,"30":0,"31":0},"b":{"0":[0,0],"1":[0,0],"2":[0,0],"3":[0,0],"4":[0,0],"5":[0,0],"6":[0,0],"7":[0,0],"8":[0,0],"9":[0,0],"10":[0,0],"11":[0,0],"12":[0,0],"13":[0,0]}}
,"/Users/nathan/Developer/1-current/sys-juanchi/frontend/src/screens/ProductList/components/utils.ts": {"path":"/Users/nathan/Developer/1-current/sys-juanchi/frontend/src/screens/ProductList/components/utils.ts","statementMap":{"0":{"start":{"line":3,"column":31},"end":{"line":18,"column":1}},"1":{"start":{"line":6,"column":6},"end":{"line":6,"column":14}},"2":{"start":{"line":10,"column":6},"end":{"line":10,"column":14}},"3":{"start":{"line":12,"column":22},"end":{"line":15,"column":39}},"4":{"start":{"line":17,"column":2},"end":{"line":17,"column":21}}},"fnMap":{"0":{"name":"(anonymous_0)","decl":{"start":{"line":3,"column":31},"end":{"line":3,"column":32}},"loc":{"start":{"line":3,"column":69},"end":{"line":18,"column":1}},"line":3}},"branchMap":{"0":{"loc":{"start":{"line":12,"column":22},"end":{"line":15,"column":39}},"type":"binary-expr","locations":[{"start":{"line":12,"column":22},"end":{"line":12,"column":38}},{"start":{"line":13,"column":11},"end":{"line":13,"column":27}},{"start":{"line":14,"column":11},"end":{"line":14,"column":27}},{"start":{"line":15,"column":9},"end":{"line":15,"column":39}}],"line":12}},"s":{"0":0,"1":0,"2":0,"3":0,"4":0},"f":{"0":0},"b":{"0":[0,0,0,0]}}
,"/Users/nathan/Developer/1-current/sys-juanchi/frontend/src/utils/timeFormat.ts": {"path":"/Users/nathan/Developer/1-current/sys-juanchi/frontend/src/utils/timeFormat.ts","statementMap":{"0":{"start":{"line":3,"column":26},"end":{"line":7,"column":1}},"1":{"start":{"line":4,"column":18},"end":{"line":4,"column":109}},"2":{"start":{"line":6,"column":2},"end":{"line":6,"column":17}}},"fnMap":{"0":{"name":"(anonymous_0)","decl":{"start":{"line":3,"column":26},"end":{"line":3,"column":27}},"loc":{"start":{"line":3,"column":75},"end":{"line":7,"column":1}},"line":3}},"branchMap":{"0":{"loc":{"start":{"line":3,"column":39},"end":{"line":3,"column":70}},"type":"default-arg","locations":[{"start":{"line":3,"column":62},"end":{"line":3,"column":70}}],"line":3}},"s":{"0":0,"1":0,"2":0},"f":{"0":0},"b":{"0":[0]}}
}
