TN:
SF:src/components/CustomCheck/index.tsx
FN:13,CustomCheck
FN:18,(anonymous_1)
FNF:2
FNH:2
FNDA:3,CustomCheck
FNDA:1,(anonymous_1)
DA:16,3
DA:18,1
LF:2
LH:2
BRF:0
BRH:0
end_of_record
TN:
SF:src/components/LoadingSpinner/index.tsx
FN:3,LoadingSpinner
FNF:1
FNH:1
FNDA:1,LoadingSpinner
DA:4,1
LF:1
LH:1
BRF:0
BRH:0
end_of_record
TN:
SF:src/constants/cart.ts
FNF:0
FNH:0
DA:3,2
DA:4,2
DA:33,2
LF:3
LH:3
BRF:0
BRH:0
end_of_record
TN:
SF:src/screens/Checkout/constants.ts
FNF:0
FNH:0
DA:12,2
DA:21,2
DA:54,2
LF:3
LH:3
BRF:0
BRH:0
end_of_record
TN:
SF:src/screens/Checkout/components/ClientInfo/index.tsx
FN:8,ClientInfo
FNF:1
FNH:1
FNDA:3,ClientInfo
DA:9,3
LF:1
LH:1
BRF:0
BRH:0
end_of_record
TN:
SF:src/screens/Checkout/components/Footer/index.tsx
FN:12,Footer
FNF:1
FNH:1
FNDA:3,Footer
DA:15,3
LF:1
LH:1
BRDA:30,0,0,3
BRDA:30,0,1,2
BRF:2
BRH:2
end_of_record
TN:
SF:src/screens/Checkout/components/PaymentBlock/index.tsx
FN:5,PaymentBlock
FN:11,(anonymous_1)
FNF:2
FNH:2
FNDA:1,PaymentBlock
FNDA:6,(anonymous_1)
DA:6,1
DA:12,6
LF:2
LH:2
BRF:0
BRH:0
end_of_record
TN:
SF:src/screens/Checkout/components/PriceBreakdown/index.tsx
FN:16,PriceBreakdown
FN:53,(anonymous_1)
FN:58,(anonymous_2)
FNF:3
FNH:3
FNDA:8,PriceBreakdown
FNDA:2,(anonymous_1)
FNDA:2,(anonymous_2)
DA:22,8
DA:23,8
DA:25,8
DA:33,8
DA:53,2
DA:58,2
LF:6
LH:6
BRDA:17,0,0,1
BRDA:18,1,0,1
BRDA:19,2,0,1
BRDA:20,3,0,1
BRF:4
BRH:4
end_of_record
TN:
SF:src/screens/Checkout/components/PriceBreakdown/utils.ts
FN:1,(anonymous_0)
FNF:1
FNH:1
FNDA:12,(anonymous_0)
DA:1,2
DA:8,12
DA:9,12
DA:11,12
LF:4
LH:4
BRDA:2,0,0,1
BRDA:3,1,0,1
BRDA:4,2,0,1
BRDA:5,3,0,1
BRDA:6,4,0,1
BRF:5
BRH:5
end_of_record
TN:
SF:src/screens/Checkout/components/PriceBreakdown/components/InfoInput/index.tsx
FN:13,InfoInput
FNF:1
FNH:1
FNDA:52,InfoInput
DA:16,52
LF:1
LH:1
BRF:0
BRH:0
end_of_record
TN:
SF:src/screens/ErrorMessage/index.tsx
FN:3,ErrorMessage
FNF:1
FNH:1
FNDA:1,ErrorMessage
DA:4,1
LF:1
LH:1
BRF:0
BRH:0
end_of_record
