TN:
SF:src/components/FormInput.tsx
FN:23,(anonymous_0)
FNF:1
FNH:0
FNDA:0,(anonymous_0)
DA:22,1
DA:38,0
LF:2
LH:1
BRDA:45,0,0,0
BRDA:45,0,1,0
BRDA:56,1,0,0
BRDA:56,1,1,0
BRDA:58,2,0,0
BRDA:58,2,1,0
BRF:6
BRH:0
end_of_record
TN:
SF:src/constants/products.ts
FNF:0
FNH:0
DA:13,1
DA:22,1
LF:2
LH:2
BRF:0
BRH:0
end_of_record
TN:
SF:src/interfaces/product.ts
FNF:0
FNH:0
LF:0
LH:0
BRF:0
BRH:0
end_of_record
TN:
SF:src/screens/ProductList/components/AddEditProduct.tsx
FN:41,AddEditProduct
FN:62,(anonymous_1)
FN:65,(anonymous_2)
FN:66,(anonymous_3)
FN:71,(anonymous_4)
FN:72,(anonymous_5)
FN:77,(anonymous_6)
FN:82,(anonymous_7)
FN:89,(anonymous_8)
FN:102,(anonymous_9)
FN:110,(anonymous_10)
FN:133,(anonymous_11)
FN:140,(anonymous_12)
FN:168,(anonymous_13)
FN:174,(anonymous_14)
FN:183,(anonymous_15)
FN:203,(anonymous_16)
FN:209,(anonymous_17)
FN:220,(anonymous_18)
FN:226,(anonymous_19)
FN:234,(anonymous_20)
FN:240,(anonymous_21)
FN:254,(anonymous_22)
FN:261,(anonymous_23)
FN:268,(anonymous_24)
FN:279,(anonymous_25)
FN:287,(anonymous_26)
FN:291,(anonymous_27)
FN:298,(anonymous_28)
FN:309,(anonymous_29)
FN:320,(anonymous_30)
FN:328,(anonymous_31)
FNF:32
FNH:0
FNDA:0,AddEditProduct
FNDA:0,(anonymous_1)
FNDA:0,(anonymous_2)
FNDA:0,(anonymous_3)
FNDA:0,(anonymous_4)
FNDA:0,(anonymous_5)
FNDA:0,(anonymous_6)
FNDA:0,(anonymous_7)
FNDA:0,(anonymous_8)
FNDA:0,(anonymous_9)
FNDA:0,(anonymous_10)
FNDA:0,(anonymous_11)
FNDA:0,(anonymous_12)
FNDA:0,(anonymous_13)
FNDA:0,(anonymous_14)
FNDA:0,(anonymous_15)
FNDA:0,(anonymous_16)
FNDA:0,(anonymous_17)
FNDA:0,(anonymous_18)
FNDA:0,(anonymous_19)
FNDA:0,(anonymous_20)
FNDA:0,(anonymous_21)
FNDA:0,(anonymous_22)
FNDA:0,(anonymous_23)
FNDA:0,(anonymous_24)
FNDA:0,(anonymous_25)
FNDA:0,(anonymous_26)
FNDA:0,(anonymous_27)
FNDA:0,(anonymous_28)
FNDA:0,(anonymous_29)
FNDA:0,(anonymous_30)
FNDA:0,(anonymous_31)
DA:45,0
DA:49,0
DA:54,0
DA:59,0
DA:61,0
DA:62,0
DA:65,0
DA:66,0
DA:71,0
DA:72,0
DA:77,0
DA:82,0
DA:89,0
DA:96,0
DA:97,0
DA:98,0
DA:99,0
DA:102,0
DA:103,0
DA:104,0
DA:107,0
DA:110,0
DA:111,0
DA:112,0
DA:114,0
DA:115,0
DA:116,0
DA:127,0
DA:130,0
DA:132,0
DA:134,0
DA:135,0
DA:141,0
DA:142,0
DA:145,0
DA:146,0
DA:150,0
DA:169,0
DA:175,0
DA:184,0
DA:204,0
DA:210,0
DA:221,0
DA:227,0
DA:235,0
DA:241,0
DA:255,0
DA:262,0
DA:269,0
DA:280,0
DA:287,0
DA:292,0
DA:299,0
DA:310,0
DA:321,0
DA:328,0
LF:56
LH:0
BRDA:62,0,0,0
BRDA:62,0,1,0
BRDA:66,1,0,0
BRDA:66,1,1,0
BRDA:74,2,0,0
BRDA:74,2,1,0
BRDA:79,3,0,0
BRDA:79,3,1,0
BRDA:84,4,0,0
BRDA:84,4,1,0
BRDA:91,5,0,0
BRDA:91,5,1,0
BRDA:96,6,0,0
BRDA:96,6,1,0
BRDA:97,7,0,0
BRDA:97,7,1,0
BRDA:98,8,0,0
BRDA:98,8,1,0
BRDA:99,9,0,0
BRDA:99,9,1,0
BRDA:115,10,0,0
BRDA:115,10,1,0
BRDA:121,11,0,0
BRDA:121,11,1,0
BRDA:155,12,0,0
BRDA:155,12,1,0
BRDA:156,13,0,0
BRDA:156,13,1,0
BRF:28
BRH:0
end_of_record
TN:
SF:src/screens/ProductList/components/utils.ts
FN:3,(anonymous_0)
FNF:1
FNH:0
FNDA:0,(anonymous_0)
DA:3,0
DA:6,0
DA:10,0
DA:12,0
DA:17,0
LF:5
LH:0
BRDA:12,0,0,0
BRDA:12,0,1,0
BRDA:12,0,2,0
BRDA:12,0,3,0
BRF:4
BRH:0
end_of_record
TN:
SF:src/utils/timeFormat.ts
FN:3,(anonymous_0)
FNF:1
FNH:0
FNDA:0,(anonymous_0)
DA:3,0
DA:4,0
DA:6,0
LF:3
LH:0
BRDA:3,0,0,0
BRF:1
BRH:0
end_of_record
